1529252198355	geckodriver	INFO	geckodriver 0.20.1
1529252198364	geckodriver	INFO	Listening on 127.0.0.1:64421
1529252201404	mozrunner::runner	INFO	Running command: "f:\\Mozilla Firefox\\firefox.exe" "-marionette" "-profile" "C:\\Users\\bingq\\AppData\\Local\\Temp\\rust_mozprofile.Fitb6qJtcCM6"
Unable to read VR Path Registry from C:\Users\bingq\AppData\Local\openvr\openvrpaths.vrpath
Unable to read VR Path Registry from C:\Users\bingq\AppData\Local\openvr\openvrpaths.vrpath
Unable to read VR Path Registry from C:\Users\bingq\AppData\Local\openvr\openvrpaths.vrpath
Unable to read VR Path Registry from C:\Users\bingq\AppData\Local\openvr\openvrpaths.vrpath
Unable to read VR Path Registry from C:\Users\bingq\AppData\Local\openvr\openvrpaths.vrpath
1529252205683	Marionette	INFO	Listening on port 64429
1529252206627	Marionette	WARN	TLS certificate errors will be ignored for this session
[Parent 492, Gecko_IOThread] WARNING: pipe error: 109: file z:/build/build/src/ipc/chromium/src/chrome/common/ipc_channel_win.cc, line 346
[Parent 492, Gecko_IOThread] WARNING: pipe error: 109: file z:/build/build/src/ipc/chromium/src/chrome/common/ipc_channel_win.cc, line 346
[Child 23108, Chrome_ChildThread] WARNING: pipe error: 109: file z:/build/build/src/ipc/chromium/src/chrome/common/ipc_channel_win.cc, line 346
[Child 23108, Chrome_ChildThre[Child 17188, Chrome_ChildThread] WARNING: pipe error: 109: file z:/build/build/src/ipc/chromium/src/chrome/common/ipc_channel_win.cc, line 346
[Child 17188, Chrom[Parent 492, Gecko_IOThread] WARNING: pipe error: 109: file z:/build/build/src/ipc/chromium/src/chrome/common/ipc_channel_win.cc, line 346
[Child 18628, Chrome_ChildThread] WARNING: pipe error: 109: file z:/build/build/src/ipc/chromium/src/chrome/common/ipc_channel_win.cc, line 346
[Child 18628, Chrome_ChildThre[GPU 20296
###!!! [Child][MessageChannel::SendAndWait] Error: Channel error: cannot send/recv

manager is detached.: file z:/build/build/src/dom/media/MediaDecoderStateMachine.cpp, line 3445
[Child 21920, MediaPlayback #4] WARNING: Decoder=22c1c1d87a0 Decode error: NS_ERROR_DOM_MEDIA_FATAL_ERR (0x806e0005) - class RefPtr<class mozilla::MozPromise<class RefPtr<class mozilla::MediaTrackDemuxer::SamplesHolder>,class mozilla::MediaResult,1> > __cdecl mozilla::MediaSourceTrackDemuxer::DoGetSamples(int): manager is detached.: file z:/build/build/src/dom/media/MediaDecoderStateMachine.cpp, line 3445
[Child 21920, MediaPlayback #4] WARNING: Decoder=22c1c1d87a0 Decode error: NS_ERROR_DOM_MEDIA_FATAL_ERR (0x806e0005) - class RefPtr<class mozilla::MozPromise<class RefPtr<class mozilla::MediaTrackDemuxer::SamplesHolder>,class mozilla::MediaResult,1> > __cdecl mozilla::MediaSourceTrackDemuxer::DoGetSamples(int): manager is detached.: file z:/build/build/src/dom/media/MediaDecoderStateMachine.cpp, line 3445
[Child 21920, MediaPlayback #2] WARNING: Decoder=22c1c1d87a0 Decode error: NS_ERROR_DOM_MEDIA_FATAL_ERR (0x806e0005) - class RefPtr<class mozilla::MozPromise<class RefPtr<class mozilla::MediaTrackDemuxer::SamplesHolder>,class mozilla::MediaResult,1> > __cdecl mozilla::MediaSourceTrackDemuxer::DoGetSamples(int): manager is detached.: file z:/build/build/src/dom/media/MediaDecoderStateMachine.cpp, line 3445
[Child 21920, MediaPlayback #3] WARNING: Decoder=22c1c1d87a0 Decode error: NS_ERROR_DOM_MEDIA_FATAL_ERR (0x806e0005) - class RefPtr<class mozilla::MozPromise<class RefPtr<class mozilla::MediaTrackDemuxer::SamplesHolder>,class mozilla::MediaResult,1> > __cdecl mozilla::MediaSourceTrackDemuxer::DoGetSamples(int): manager is detached.: file z:/build/build/src/dom/media/MediaDecoderStateMachine.cpp, line 3445
[Child 21920, MediaPlayback #4] WARNING: Decoder=22c1c1d87a0 Decode error: NS_ERROR_DOM_MEDIA_FATAL_ERR (0x806e0005) - class RefPtr<class mozilla::MozPromise<class RefPtr<class mozilla::MediaTrackDemuxer::SamplesHolder>,class mozilla::MediaResult,1> > __cdecl mozilla::MediaSourceTrackDemuxer::DoGetSamples(int): manager is detached.: file z:/build/build/src/dom/media/MediaDecoderStateMachine.cpp, line 3445
[Child 21920, MediaPlayback #4] WARNING: Decoder=22c1c1d87a0 Decode error: NS_ERROR_DOM_MEDIA_FATAL_ERR (0x806e0005) - class RefPtr<class mozilla::MozPromise<class RefPtr<class mozilla::MediaTrackDemuxer::SamplesHolder>,class mozilla::MediaResult,1> > __cdecl mozilla::MediaSourceTrackDemuxer::DoGetSamples(int): manager is detached.: file z:/build/build/src/dom/media/MediaDecoderStateMachine.cpp, line 3445
[Child 21920, MediaPlayback #2] WARNING: Decoder=22c1c1d87a0 Decode error: NS_ERROR_DOM_MEDIA_FATAL_ERR (0x806e0005) - class RefPtr<class mozilla::MozPromise<class RefPtr<class mozilla::MediaTrackDemuxer::SamplesHolder>,class mozilla::MediaResult,1> > __cdecl mozilla::MediaSourceTrackDemuxer::DoGetSamples(int): manager is detached.: file z:/build/build/src/dom/media/MediaDecoderStateMachine.cpp, line 3445
[Child 21920, MediaPlayback #4] WARNING: Decoder=22c1c1d87a0 Decode error: NS_ERROR_DOM_MEDIA_FATAL_ERR (0x806e0005) - class RefPtr<class mozilla::MozPromise<class RefPtr<class mozilla::MediaTrackDemuxer::SamplesHolder>,class mozilla::MediaResult,1> > __cdecl mozilla::MediaSourceTrackDemuxer::DoGetSamples(int): manager is detached.: file z:/build/build/src/dom/media/MediaDecoderStateMachine.cpp, line 3445
[Child 21920, MediaPlayback #2] WARNING: Decoder=22c1c1d87a0 Decode error: NS_ERROR_DOM_MEDIA_FATAL_ERR (0x806e0005) - class RefPtr<class mozilla::MozPromise<class RefPtr<class mozilla::MediaTrackDemuxer::SamplesHolder>,class mozilla::MediaResult,1> > __cdecl mozilla::MediaSourceTrackDemuxer::DoGetSamples(int): manager is detached.: file z:/build/build/src/dom/media/MediaDecoderStateMachine.cpp, line 3445
[Child 21920, MediaPlayback #2] WARNING: Decoder=22c1c1d87a0 Decode error: NS_ERROR_DOM_MEDIA_FATAL_ERR (0x806e0005) - class RefPtr<class mozilla::MozPromise<class RefPtr<class mozilla::MediaTrackDemuxer::SamplesHolder>,class mozilla::MediaResult,1> > __cdecl mozilla::MediaSourceTrackDemuxer::DoGetSamples(int): manager is detached.: file z:/build/build/src/dom/media/MediaDecoderStateMachine.cpp, line 3445
[Child 21920, MediaPlayback #1] WARNING: Decoder=22c1c1d87a0 Decode error: NS_ERROR_DOM_MEDIA_FATAL_ERR (0x806e0005) - class RefPtr<class mozilla::MozPromise<class RefPtr<class mozilla::MediaTrackDemuxer::SamplesHolder>,class mozilla::MediaResult,1> > __cdecl mozilla::MediaSourceTrackDemuxer::DoGetSamples(int): manager is detached.: file z:/build/build/src/dom/media/MediaDecoderStateMachine.cpp, line 3445
[Child 21920, MediaPlayback #1] WARNING: Decoder=22c1c1d87a0 Decode error: NS_ERROR_DOM_MEDIA_FATAL_ERR (0x806e0005) - class RefPtr<class mozilla::MozPromise<class RefPtr<class mozilla::MediaTrackDemuxer::SamplesHolder>,class mozilla::MediaResult,1> > __cdecl mozilla::MediaSourceTrackDemuxer::DoGetSamples(int): manager is detached.: file z:/build/build/src/dom/media/MediaDecoderStateMachine.cpp, line 3445
[Child 21920, MediaPlayback #4] WARNING: Decoder=22c1c1d87a0 Decode error: NS_ERROR_DOM_MEDIA_FATAL_ERR (0x806e0005) - class RefPtr<class mozilla::MozPromise<class RefPtr<class mozilla::MediaTrackDemuxer::SamplesHolder>,class mozilla::MediaResult,1> > __cdecl mozilla::MediaSourceTrackDemuxer::DoGetSamples(int): manager is detached.: file z:/build/build/src/dom/media/MediaDecoderStateMachine.cpp, line 3445
[Child 21920, MediaPlayback #2] WARNING: Decoder=22c1c1d8b60 Decode error: NS_ERROR_DOM_MEDIA_FATAL_ERR (0x806e0005) - class RefPtr<class mozilla::MozPromise<class RefPtr<class mozilla::MediaTrackDemuxer::SamplesHolder>,class mozilla::MediaResult,1> > __cdecl mozilla::MediaSourceTrackDemuxer::DoGetSamples(int): manager is detached.: file z:/build/build/src/dom/media/MediaDecoderStateMachine.cpp, line 3445
[Child 21920, MediaPlayback #3] WARNING: Decoder=22c1c1d8b60 Decode error: NS_ERROR_DOM_MEDIA_FATAL_ERR (0x806e0005) - class RefPtr<class mozilla::MozPromise<class RefPtr<class mozilla::MediaTrackDemuxer::SamplesHolder>,class mozilla::MediaResult,1> > __cdecl mozilla::MediaSourceTrackDemuxer::DoGetSamples(int): manager is detached.: file z:/build/build/src/dom/media/MediaDecoderStateMachine.cpp, line 3445
[Child 21920, MediaPlayback #3] WARNING: Decoder=22c1c1d8b60 Decode error: NS_ERROR_DOM_MEDIA_FATAL_ERR (0x806e0005) - class RefPtr<class mozilla::MozPromise<class RefPtr<class mozilla::MediaTrackDemuxer::SamplesHolder>,class mozilla::MediaResult,1> > __cdecl mozilla::MediaSourceTrackDemuxer::DoGetSamples(int): manager is detached.: file z:/build/build/src/dom/media/MediaDecoderStateMachine.cpp, line 3445
[Child 21920, MediaPlayback #4] WARNING: Decoder=22c1c1d8b60 Decode error: NS_ERROR_DOM_MEDIA_FATAL_ERR (0x806e0005) - class RefPtr<class mozilla::MozPromise<class RefPtr<class mozilla::MediaTrackDemuxer::SamplesHolder>,class mozilla::MediaResult,1> > __cdecl mozilla::MediaSourceTrackDemuxer::DoGetSamples(int): manager is detached.: file z:/build/build/src/dom/media/MediaDecoderStateMachine.cpp, line 3445
[Child 21920, MediaPlayback #1] WARNING: Decoder=22c1c1d8b60 Decode error: NS_ERROR_DOM_MEDIA_FATAL_ERR (0x806e0005) - class RefPtr<class mozilla::MozPromise<class RefPtr<class mozilla::MediaTrackDemuxer::SamplesHolder>,class mozilla::MediaResult,1> > __cdecl mozilla::MediaSourceTrackDemuxer::DoGetSamples(int): manager is detached.: file z:/build/build/src/dom/media/MediaDecoderStateMachine.cpp, line 3445
[Child 21920, MediaPlayback #3] WARNING: Decoder=22c1c1d8b60 Decode error: NS_ERROR_DOM_MEDIA_FATAL_ERR (0x806e0005) - class RefPtr<class mozilla::MozPromise<class RefPtr<class mozilla::MediaTrackDemuxer::SamplesHolder>,class mozilla::MediaResult,1> > __cdecl mozilla::MediaSourceTrackDemuxer::DoGetSamples(int): manager is detached.: file z:/build/build/src/dom/media/MediaDecoderStateMachine.cpp, line 3445
[Child 21920, MediaPlayback #1] WARNING: Decoder=22c1c1d8b60 Decode error: NS_ERROR_DOM_MEDIA_FATAL_ERR (0x806e0005) - class RefPtr<class mozilla::MozPromise<class RefPtr<class mozilla::MediaTrackDemuxer::SamplesHolder>,class mozilla::MediaResult,1> > __cdecl mozilla::MediaSourceTrackDemuxer::DoGetSamples(int): manager is detached.: file z:/build/build/src/dom/media/MediaDecoderStateMachine.cpp, line 3445
[Child 21920, MediaPlayback #3] WARNING: Decoder=22c1c1d8b60 Decode error: NS_ERROR_DOM_MEDIA_FATAL_ERR (0x806e0005) - class RefPtr<class mozilla::MozPromise<class RefPtr<class mozilla::MediaTrackDemuxer::SamplesHolder>,class mozilla::MediaResult,1> > __cdecl mozilla::MediaSourceTrackDemuxer::DoGetSamples(int): manager is detached.: file z:/build/build/src/dom/media/MediaDecoderStateMachine.cpp, line 3445
[Child 21920, MediaPlayback #4] WARNING: Decoder=22c1c1d8b60 Decode error: NS_ERROR_DOM_MEDIA_FATAL_ERR (0x806e0005) - class RefPtr<class mozilla::MozPromise<class RefPtr<class mozilla::MediaTrackDemuxer::SamplesHolder>,class mozilla::MediaResult,1> > __cdecl mozilla::MediaSourceTrackDemuxer::DoGetSamples(int): manager is detached.: file z:/build/build/src/dom/media/MediaDecoderStateMachine.cpp, line 3445
[Child 21920, MediaPlayback #1] WARNING: Decoder=22c1c1d8b60 Decode error: NS_ERROR_DOM_MEDIA_FATAL_ERR (0x806e0005) - class RefPtr<class mozilla::MozPromise<class RefPtr<class mozilla::MediaTrackDemuxer::SamplesHolder>,class mozilla::MediaResult,1> > __cdecl mozilla::MediaSourceTrackDemuxer::DoGetSamples(int): manager is detached.: file z:/build/build/src/dom/media/MediaDecoderStateMachine.cpp, line 3445
[Child 21920, MediaPlayback #3] WARNING: Decoder=22c1c1d8b60 Decode error: NS_ERROR_DOM_MEDIA_FATAL_ERR (0x806e0005) - class RefPtr<class mozilla::MozPromise<class RefPtr<class mozilla::MediaTrackDemuxer::SamplesHolder>,class mozilla::MediaResult,1> > __cdecl mozilla::MediaSourceTrackDemuxer::DoGetSamples(int): manager is detached.: file z:/build/build/src/dom/media/MediaDecoderStateMachine.cpp, line 3445
[Child 21920, MediaPlayback #4] WARNING: Decoder=22c1c1d8b60 Decode error: NS_ERROR_DOM_MEDIA_FATAL_ERR (0x806e0005) - class RefPtr<class mozilla::MozPromise<class RefPtr<class mozilla::MediaTrackDemuxer::SamplesHolder>,class mozilla::MediaResult,1> > __cdecl mozilla::MediaSourceTrackDemuxer::DoGetSamples(int): manager is detached.: file z:/build/build/src/dom/media/MediaDecoderStateMachine.cpp, line 3445
[Child 21920, MediaPlayback #4] WARNING: Decoder=22c1c1d8b60 Decode error: NS_ERROR_DOM_MEDIA_FATAL_ERR (0x806e0005) - class RefPtr<class mozilla::MozPromise<class RefPtr<class mozilla::MediaTrackDemuxer::SamplesHolder>,class mozilla::MediaResult,1> > __cdecl mozilla::MediaSourceTrackDemuxer::DoGetSamples(int): manager is detached.: file z:/build/build/src/dom/media/MediaDecoderStateMachine.cpp, line 3445
[Child 21920, MediaPlayback #3] WARNING: Decoder=22c1c1d8b60 Decode error: NS_ERROR_DOM_MEDIA_FATAL_ERR (0x806e0005) - class RefPtr<class mozilla::MozPromise<class RefPtr<class mozilla::MediaTrackDemuxer::SamplesHolder>,class mozilla::MediaResult,1> > __cdecl mozilla::MediaSourceTrackDemuxer::DoGetSamples(int): manager is detached.: file z:/build/build/src/dom/media/MediaDecoderStateMachine.cpp, line 3445
[Child 21920, MediaPlayback #2] WARNING: Decoder=22c1c1d8d40 Decode error: NS_ERROR_DOM_MEDIA_FATAL_ERR (0x806e0005) - class RefPtr<class mozilla::MozPromise<class RefPtr<class mozilla::MediaTrackDemuxer::SamplesHolder>,class mozilla::MediaResult,1> > __cdecl mozilla::MediaSourceTrackDemuxer::DoGetSamples(int): manager is detached.: file z:/build/build/src/dom/media/MediaDecoderStateMachine.cpp, line 3445
[Child 21920, MediaPlayback #3] WARNING: Decoder=22c1c1d8d40 Decode error: NS_ERROR_DOM_MEDIA_FATAL_ERR (0x806e0005) - class RefPtr<class mozilla::MozPromise<class RefPtr<class mozilla::MediaTrackDemuxer::SamplesHolder>,class mozilla::MediaResult,1> > __cdecl mozilla::MediaSourceTrackDemuxer::DoGetSamples(int): manager is detached.: file z:/build/build/src/dom/media/MediaDecoderStateMachine.cpp, line 3445
[Child 21920, MediaPlayback #2] WARNING: Decoder=22c1c1d8d40 Decode error: NS_ERROR_DOM_MEDIA_FATAL_ERR (0x806e0005) - class RefPtr<class mozilla::MozPromise<class RefPtr<class mozilla::MediaTrackDemuxer::SamplesHolder>,class mozilla::MediaResult,1> > __cdecl mozilla::MediaSourceTrackDemuxer::DoGetSamples(int): manager is detached.: file z:/build/build/src/dom/media/MediaDecoderStateMachine.cpp, line 3445
