1527002339253	geckodriver	INFO	geckodriver 0.20.0 (0ac3698a74a7b1a742682b8e704f1f418df827ed 2018-03-13)
1527002339263	geckodriver	INFO	Listening on 127.0.0.1:51585
1527002342280	mozrunner::runner	INFO	Running command: "E:\\Program Files (x86)\\Mozilla Firefox\\firefox.exe" "-marionette" "-profile" "C:\\Users\\Xgq\\AppData\\Local\\Temp\\rust_mozprofile.49TSPPd01iPE"
1527002343488	addons.xpi	WARN	Error parsing extensions state: [Exception... "Component returned failure code: 0x80520012 (NS_ERROR_FILE_NOT_FOUND) [amIAddonManagerStartup.readStartupData]"  nsresult: "0x80520012 (NS_ERROR_FILE_NOT_FOUND)"  location: "JS frame :: resource://gre/modules/addons/XPIProvider.jsm :: loadExtensionState :: line 1554"  data: no] Stack trace: loadExtensionState()@resource://gre/modules/addons/XPIProvider.jsm:1554 < getInstallState()@resource://gre/modules/addons/XPIProvider.jsm:1589 < checkForChanges()@resource://gre/modules/addons/XPIProvider.jsm:3109 < startup()@resource://gre/modules/addons/XPIProvider.jsm:2188 < callProvider()@resource://gre/modules/AddonManager.jsm:269 < _startProvider()@resource://gre/modules/AddonManager.jsm:739 < startup()@resource://gre/modules/AddonManager.jsm:906 < startup()@resource://gre/modules/AddonManager.jsm:3090 < observe()@jar:file:///E:/Program%20Files%20(x86)/Mozilla%20Firefox/omni.ja!/components/addonManager.js:65
1527002343935	Marionette	INFO	Enabled via --marionette
[Child 7716] WARNING: pipe error: 109: file z:/build/build/src/ipc/chromium/src/chrome/common/ipc_channel_win.cc, line 346
[Child 7716] WARNING: pipe error: 109: file z:/bui1527002345531	Marionette	INFO	Listening on port 51593
1527002346005	Marionette	WARN	TLS certificate errors will be ignored for this session
1527002346045	Marionette	DEBUG	Register listener.js for window 4294967297
1527002346076	Marionette	DEBUG	Received DOM event "beforeunload" for "about:blank"
1527002350788	Marionette	DEBUG	Received DOM event "pagehide" for "about:blank"
1527002350789	Marionette	DEBUG	Received DOM event "unload" for "about:blank"
1527002370108	Marionette	DEBUG	Received DOM event "DOMContentLoaded" for "https://www.youtube.com/watch?v=O4AReV5dXV0"
1527002376857	Marionette	DEBUG	Received observer notification "outer-window-destroyed" for "4294967305"
[Child 15956] WARNING: pipe error: 109: file z:/build/build/src/ipc/chromium/src/chrome/common/ipc_channel_win.cc, line 346
[ChIPDL protocol error: Handler returned error code!

###!!! [Parent][DispatchAsyncMessage] Error: PLayerTransaction::Msg_ReleaseLayer Processing error: message was deserialized, but the handler returned false (indicating failure)

1527002379654	Marionette	DEBUG	Received observer notification "outer-window-destroyed" for "4294967301"
1527002379655	Marionette	DEBUG	Received observer notification "outer-window-destroyed" for "4294967297"
[Parent 9696] WARNING: pipe error: 232: file z:/build/build/src/ipc/chromium/src/chrome/common/ipc_channel_win.cc, line 513
*** UTM:SVC TimerManager:registerTimer called after profile-before-change notification. Ignoring timer registration for id: telemetry_modules_ping

###!!! [Child][MessageChannel::SendAndWait] Error: Channel error: cannot send/recv

error: cannot send/recv

1526994586438	geckodriver::marionette	ERROR	Failed to stop browser process
ror code!

###!!! [Parent][DispatchAsyncMessage] Error: PLayerTransaction::Msg_ReleaseLayer Processing error: message was deserialized, but the handler returned false (indicating failure)

IPDL protocol error: Handler returned error code!

###!!! [Parent][DispatchAsyncMessage] Error: PLayerTransaction::Msg_ReleaseLayer Processing error: message was deserialized, but the handler returned false (indicating failure)

IPDL protocol error: Handler returned error code!

###!!! [Parent][DispatchAsyncMessage] Error: PLayerTransaction::Msg_ReleaseLayer Processing error: message was deserialized, but the handler returned false (indicating failure)

IPDL protocol error: Handler returned error code!

###!!! [Parent][DispatchAsyncMessage] Error: PLayerTransaction::Msg_ReleaseLayer Processing error: message was deserialized, but the handler returned false (indicating failure)

IPDL protocol error: Handler returned error code!

###!!! [Parent][DispatchAsyncMessage] Error: PLayerTransaction::Msg_ReleaseLayer Processing error: message was deserialized, but the handler returned false (indicating failure)

IPDL protocol error: Handler returned error code!

###!!! [Parent][DispatchAsyncMessage] Error: PLayerTransaction::Msg_ReleaseLayer Processing error: message was deserialized, but the handler returned false (indicating failure)


###!!! [Child][MessageChannel] Error: (msgtype=0x42000F,name=PHttpChannel::Msg___delete__) Channel closing: too late to send/recv, messages will be lost


###!!! [Child][MessageChannel] Error: (msgtype=0x4B0029,name=PNecko::Msg_RemoveRequestContext) Channel closing: too late to send/recv, messages will be lost

[Child 12940
###!!! [Child][RunMessage] Error: Channel closing: too late to send/recv, messages will be lost

] WARNING
###!!! [Child][MessageChannel::SendAndWait] Error: Channel error: cannot send/recv

1526991855279	geckodriver::marionette	ERROR	Failed to stop browser process
