1529386385439	geckodriver	INFO	geckodriver 0.20.1
1529386385450	geckodriver	INFO	Listening on 127.0.0.1:58731
1529386388500	mozrunner::runner	INFO	Running command: "f:\\Mozilla Firefox\\firefox.exe" "-marionette" "-profile" "C:\\Users\\bingq\\AppData\\Local\\Temp\\rust_mozprofile.zkXzatC3gOMz"
Unable to read VR Path Registry from C:\Users\bingq\AppData\Local\openvr\openvrpaths.vrpath
Unable to read VR Path Registry from C:\Users\bingq\AppData\Local\openvr\openvrpaths.vrpath
Unable to read VR Path Registry from C:\Users\bingq\AppData\Local\openvr\openvrpaths.vrpath
Unable to read VR Path Registry from C:\Users\bingq\AppData\Local\openvr\openvrpaths.vrpath
Unable to read VR Path Registry from C:\Users\bingq\AppData\Local\openvr\openvrpaths.vrpath
1529386391716	Marionette	INFO	Listening on port 58745
1529386392149	Marionette	WARN	TLS certificate errors will be ignored for this session
[Parent 3296, Gecko_IOThread] WARNING: pipe error: 109: file z:/build/build/src/ipc/chromium/src/chrome/common/ipc_channel_win.cc, line 346
[Parent 3296, Gecko_IOThread] WARNING: pipe error: 109: file z:/build/build/src/ipc/chromium/src/chrome/common/ipc_channel_win.cc, line 346
[Child 20344, Chrome_ChildThread] WARNING: pipe error: 109: file z:/build/build/src/ipc/chromium/src/chrome/common/ipc_channel_win.cc, line 346
[Child 20344, Chrome_ChildThread] WARNI[Child 4420, Chrome_ChildThread] WARNING: pipe error: 109: file z:/build/build/src/ipc/chromium/src/chrome/common/ipc_channel_win.cc, line 346
[Child 4420, Chrome_ChildThread] WARNING: pipe error: 109: file z:/build/build/src/ipc/chromium/src/chrome/common/ipc_channel_win.cc, line 346
[Parent 3296, Gecko_IOThread] WARNING: pipe error: 109: file z:/build/build/src/ipc/chromium/src/chrome/common/ipc_channel_win.cc, line 346
[Child 17660, Chrome_ChildThread] WARNING: pipe error: 109: file z:/build/build/src/ipc/chromium/src/chrome/common/ipc_channel_win.cc, line 346
[Child 17660, Chrome_Ch[GPU 18788, Chrome_ChildThread] WARNING: pipe error: 109: file z:/build/build/src/ipc/chromium/src/chrome/common/ipc_channel_win.cc, line 346

###!!! [Child][MessageChannel::SendAndWait] Error: Channel error: cannot send/recv

pipe error: 
###!!! [Child][RunMessage] Error: Channel closing: too late to send/recv, messages will be lost

109: file
###!!! [Child][RunMessage] Error: Channel closing: too late to send/recv, messages will be lost

 z:/build/build/src
###!!! [Child][RunMessage] Error: Channel closing: too late to send/recv, messages will be lost

/ipc/chrom
###!!! [Child][RunMessage] Error: Channel closing: too late to send/recv, messages will be lost

ium/src/chrome/common/ipc_chan
###!!! [Child][RunMessage] Error: Channel closing: too late to send/recv, messages will be lost

nel_w
###!!! [Child][RunMessage] Error: Channel closing: too late to send/recv, messages will be lost

in.cc, line 3
###!!! [Child][RunMessage] Error: Channel closing: too late to send/recv, messages will be lost

46

###!!! [Child][RunMessage] Error: Channel closing: too late to send/recv, messages will be lost

[Child 17628, Chrome_ChildThread] WARNING: pipe error: 109: file z:/[Parent 7292, Gecko_IOThread] WARNING: pipe error: 109: file z:/build/build/src/ipc/chromium/src/chrome/common/ipc_channel_win.cc, line 346
[Child 18768, Chrome_ChildThread] WARNING: pipe error: 109: file z:/build/build/src/ipc/chromium/src/chrome/common/ipc_channel_win.cc, line 346
[Child 18768, Chro[GPU 13516, Chrome_Chil
###!!! [Child][MessageChannel::SendAndWait] Error: Channel error: cannot send/recv

